{"level":"info","message":"App listening on 5000"}
{"level":"info","message":"Mongodb ready"}
{"level":"info","message":"App listening on 5000"}
{"level":"info","message":"===>  Succeeded in connecting to mongodb://localhost:27017/example_db"}
{"level":"info","message":"Mongodb ready"}
{"level":"info","message":"App listening on 5000"}
{"level":"info","message":"===>  Succeeded in connecting to mongodb://localhost:27017/example_db"}
{"level":"info","message":"Mongodb ready"}
{"message":"App listening on 5000","time":true,"level":"info"}
{"message":"===>  Succeeded in connecting to mongodb://localhost:27017/example_db","time":true,"level":"info"}
{"message":"Mongodb ready","time":true,"level":"info"}
{"level":"info","message":"App listening on 5000"}
{"level":"info","message":"===>  Succeeded in connecting to mongodb://localhost:27017/example_db"}
{"level":"info","message":"Mongodb ready"}
{"level":"info","message":"App listening on 5000"}
{"level":"info","message":"===>  Succeeded in connecting to mongodb://localhost:27017/example_db"}
{"level":"info","message":"Mongodb ready"}
{"level":"info","message":"App listening on 5000"}
{"level":"info","message":"===>  Succeeded in connecting to mongodb://localhost:27017/example_db"}
{"level":"info","message":"Mongodb ready"}
{"level":"info","message":"App listening on 5000"}
{"level":"info","message":"===>  Succeeded in connecting to mongodb://localhost:27017/example_db"}
{"level":"info","message":"Mongodb ready"}
2018-06-28T00:22:22.199Z info: App listening on 5000
2018-06-28T00:22:22.231Z info: ===>  Succeeded in connecting to mongodb://localhost:27017/example_db
2018-06-28T00:22:22.233Z info: Mongodb ready
2018-06-28T00:24:31.929Z info: App listening on 5000
2018-06-28T00:24:31.955Z info: ===>  Succeeded in connecting to mongodb://localhost:27017/example_db
2018-06-28T00:24:31.956Z info: Mongodb ready
2018-06-28T00:24:42.433Z info: App listening on 5000
2018-06-28T00:24:42.466Z info: ===>  Succeeded in connecting to mongodb://localhost:27017/example_db
2018-06-28T00:24:42.467Z info: Mongodb ready
